2025-12-22 20:41:26,780 INFO o.a.j.u.JMeterUtils: Setting Locale to en_EN
2025-12-22 20:41:26,811 INFO o.a.j.JMeter: Loading user properties from: C:\Users\hp\AppData\Roaming\JetBrains\IntelliJIdea2025.2\apache-jmeter-5.6.3\bin\user.properties
2025-12-22 20:41:26,812 INFO o.a.j.JMeter: Loading system properties from: C:\Users\hp\AppData\Roaming\JetBrains\IntelliJIdea2025.2\apache-jmeter-5.6.3\bin\system.properties
2025-12-22 20:41:26,824 INFO o.a.j.JMeter: Copyright (c) 1998-2024 The Apache Software Foundation
2025-12-22 20:41:26,824 INFO o.a.j.JMeter: Version 5.6.3
2025-12-22 20:41:26,824 INFO o.a.j.JMeter: java.version=17.0.12
2025-12-22 20:41:26,824 INFO o.a.j.JMeter: java.vm.name=Java HotSpot(TM) 64-Bit Server VM
2025-12-22 20:41:26,824 INFO o.a.j.JMeter: os.name=Windows 11
2025-12-22 20:41:26,824 INFO o.a.j.JMeter: os.arch=amd64
2025-12-22 20:41:26,824 INFO o.a.j.JMeter: os.version=10.0
2025-12-22 20:41:26,824 INFO o.a.j.JMeter: file.encoding=Cp1252
2025-12-22 20:41:26,824 INFO o.a.j.JMeter: java.awt.headless=null
2025-12-22 20:41:26,824 INFO o.a.j.JMeter: Max memory     =1073741824
2025-12-22 20:41:26,824 INFO o.a.j.JMeter: Available Processors =12
2025-12-22 20:41:26,836 INFO o.a.j.JMeter: Default Locale=English (EN)
2025-12-22 20:41:26,837 INFO o.a.j.JMeter: JMeter  Locale=English (EN)
2025-12-22 20:41:26,838 INFO o.a.j.JMeter: JMeterHome=C:\Users\hp\AppData\Roaming\JetBrains\IntelliJIdea2025.2\apache-jmeter-5.6.3
2025-12-22 20:41:26,838 INFO o.a.j.JMeter: user.dir  =C:\Users\hp\Desktop\EmotiCareProject\EmotiCare\Jmeter
2025-12-22 20:41:26,838 INFO o.a.j.JMeter: PWD       =C:\Users\hp\Desktop\EmotiCareProject\EmotiCare\Jmeter
2025-12-22 20:41:26,847 INFO o.a.j.JMeter: IP: 192.168.1.111 Name: ZenForge FullName: ZenForge
2025-12-22 20:41:26,864 INFO o.a.j.JMeter: Loaded icon properties from org/apache/jmeter/images/icon.properties
2025-12-22 20:41:27,199 INFO o.a.j.JMeterGuiLauncher: Setting LAF to: com.github.weisj.darklaf.DarkLaf:com.github.weisj.darklaf.theme.DarculaTheme
2025-12-22 20:41:29,156 INFO o.a.j.r.ClassFinder: Will scan jar C:\Users\hp\AppData\Roaming\JetBrains\IntelliJIdea2025.2\apache-jmeter-5.6.3\lib\ext\jmeter-prometheus-plugin-0.7.1.jar with filter ExtendsClassFilter [parents=[interface org.apache.jmeter.gui.action.Command], inner=false, contains=null, notContains=null]. Consider exposing JMeter plugins via META-INF/services, and add JMeter-Skip-Class-Scanning=true manifest attribute so JMeter can skip classfile scanning
2025-12-22 20:41:29,223 INFO o.a.j.r.ClassFinder: Will scan jar C:\Users\hp\AppData\Roaming\JetBrains\IntelliJIdea2025.2\apache-jmeter-5.6.3\lib\ext\jmeter-prometheus-plugin-0.6.0.jar with filter ExtendsClassFilter [parents=[interface org.apache.jmeter.gui.action.Command], inner=false, contains=null, notContains=null]. Consider exposing JMeter plugins via META-INF/services, and add JMeter-Skip-Class-Scanning=true manifest attribute so JMeter can skip classfile scanning
2025-12-22 20:41:29,406 INFO o.a.j.r.ClassFinder: Will scan jar C:\Users\hp\AppData\Roaming\JetBrains\IntelliJIdea2025.2\apache-jmeter-5.6.3\lib\ext\jmeter-prometheus-plugin-0.7.1.jar with filter ExtendsClassFilter [parents=[interface org.apache.jmeter.gui.plugin.MenuCreator], inner=false, contains=null, notContains=null]. Consider exposing JMeter plugins via META-INF/services, and add JMeter-Skip-Class-Scanning=true manifest attribute so JMeter can skip classfile scanning
2025-12-22 20:41:29,417 INFO o.a.j.r.ClassFinder: Will scan jar C:\Users\hp\AppData\Roaming\JetBrains\IntelliJIdea2025.2\apache-jmeter-5.6.3\lib\ext\jmeter-prometheus-plugin-0.6.0.jar with filter ExtendsClassFilter [parents=[interface org.apache.jmeter.gui.plugin.MenuCreator], inner=false, contains=null, notContains=null]. Consider exposing JMeter plugins via META-INF/services, and add JMeter-Skip-Class-Scanning=true manifest attribute so JMeter can skip classfile scanning
2025-12-22 20:41:39,995 INFO o.a.j.s.FileServer: Default base='C:\Users\hp\Desktop\EmotiCareProject\EmotiCare\Jmeter'
2025-12-22 20:41:40,004 INFO o.a.j.g.a.Load: Loading file: C:\Users\hp\Desktop\EmotiCareProject\EmotiCare\Jmeter\EmotiCare_Full_API_Test.jmx
2025-12-22 20:41:40,005 INFO o.a.j.s.FileServer: Set new base='C:\Users\hp\Desktop\EmotiCareProject\EmotiCare\Jmeter'
2025-12-22 20:41:40,423 INFO o.a.j.s.SaveService: Testplan (JMX) version: 2.2. Testlog (JTL) version: 2.2
2025-12-22 20:41:40,505 INFO o.a.j.s.SaveService: Using SaveService properties version 5.0
2025-12-22 20:41:40,508 INFO o.a.j.s.SaveService: Using SaveService properties file encoding UTF-8
2025-12-22 20:41:40,511 INFO o.a.j.s.SaveService: Loading file: C:\Users\hp\Desktop\EmotiCareProject\EmotiCare\Jmeter\EmotiCare_Full_API_Test.jmx
2025-12-22 20:41:40,597 INFO o.a.j.p.h.s.HTTPSamplerBase: Parser for text/html is org.apache.jmeter.protocol.http.parser.LagartoBasedHtmlParser
2025-12-22 20:41:40,597 INFO o.a.j.p.h.s.HTTPSamplerBase: Parser for application/xhtml+xml is org.apache.jmeter.protocol.http.parser.LagartoBasedHtmlParser
2025-12-22 20:41:40,597 INFO o.a.j.p.h.s.HTTPSamplerBase: Parser for application/xml is org.apache.jmeter.protocol.http.parser.LagartoBasedHtmlParser
2025-12-22 20:41:40,597 INFO o.a.j.p.h.s.HTTPSamplerBase: Parser for text/xml is org.apache.jmeter.protocol.http.parser.LagartoBasedHtmlParser
2025-12-22 20:41:40,597 INFO o.a.j.p.h.s.HTTPSamplerBase: Parser for text/vnd.wap.wml is org.apache.jmeter.protocol.http.parser.RegexpHTMLParser
2025-12-22 20:41:40,597 INFO o.a.j.p.h.s.HTTPSamplerBase: Parser for text/css is org.apache.jmeter.protocol.http.parser.CssParser
2025-12-22 20:41:41,801 INFO o.a.j.s.SampleResult: Note: Sample TimeStamps are START times
2025-12-22 20:41:41,803 INFO o.a.j.s.SampleResult: sampleresult.default.encoding is set to UTF-8
2025-12-22 20:41:41,803 INFO o.a.j.s.SampleResult: sampleresult.useNanoTime=true
2025-12-22 20:41:41,803 INFO o.a.j.s.SampleResult: sampleresult.nanoThreadSleep=5000
2025-12-22 20:41:42,329 INFO o.a.j.r.ClassFinder: Will scan jar C:\Users\hp\AppData\Roaming\JetBrains\IntelliJIdea2025.2\apache-jmeter-5.6.3\lib\ext\jmeter-prometheus-plugin-0.7.1.jar with filter ExtendsClassFilter [parents=[interface org.apache.jmeter.visualizers.ResultRenderer], inner=false, contains=null, notContains=null]. Consider exposing JMeter plugins via META-INF/services, and add JMeter-Skip-Class-Scanning=true manifest attribute so JMeter can skip classfile scanning
2025-12-22 20:41:42,343 INFO o.a.j.r.ClassFinder: Will scan jar C:\Users\hp\AppData\Roaming\JetBrains\IntelliJIdea2025.2\apache-jmeter-5.6.3\lib\ext\jmeter-prometheus-plugin-0.6.0.jar with filter ExtendsClassFilter [parents=[interface org.apache.jmeter.visualizers.ResultRenderer], inner=false, contains=null, notContains=null]. Consider exposing JMeter plugins via META-INF/services, and add JMeter-Skip-Class-Scanning=true manifest attribute so JMeter can skip classfile scanning
2025-12-22 20:41:42,479 INFO o.a.j.r.ClassFinder: Will scan jar C:\Users\hp\AppData\Roaming\JetBrains\IntelliJIdea2025.2\apache-jmeter-5.6.3\lib\ext\jmeter-prometheus-plugin-0.7.1.jar with filter ExtendsClassFilter [parents=[interface org.apache.jmeter.visualizers.RequestView], inner=false, contains=null, notContains=null]. Consider exposing JMeter plugins via META-INF/services, and add JMeter-Skip-Class-Scanning=true manifest attribute so JMeter can skip classfile scanning
2025-12-22 20:41:42,495 INFO o.a.j.r.ClassFinder: Will scan jar C:\Users\hp\AppData\Roaming\JetBrains\IntelliJIdea2025.2\apache-jmeter-5.6.3\lib\ext\jmeter-prometheus-plugin-0.6.0.jar with filter ExtendsClassFilter [parents=[interface org.apache.jmeter.visualizers.RequestView], inner=false, contains=null, notContains=null]. Consider exposing JMeter plugins via META-INF/services, and add JMeter-Skip-Class-Scanning=true manifest attribute so JMeter can skip classfile scanning
2025-12-22 20:41:42,979 INFO o.a.j.s.FileServer: Set new base='C:\Users\hp\Desktop\EmotiCareProject\EmotiCare\Jmeter'
2025-12-22 20:42:46,972 INFO o.a.j.e.StandardJMeterEngine: Running the test!
2025-12-22 20:42:46,972 INFO o.a.j.s.SampleEvent: List of sample_variables: []
2025-12-22 20:42:46,972 INFO o.a.j.s.SampleEvent: List of sample_variables: []
2025-12-22 20:42:46,973 INFO o.a.j.e.u.CompoundVariable: Note: Function class names must contain the string: '.functions.'
2025-12-22 20:42:46,973 INFO o.a.j.e.u.CompoundVariable: Note: Function class names must not contain the string: '.gui.'
2025-12-22 20:42:47,024 INFO o.a.j.r.ClassFinder: Will scan jar C:\Users\hp\AppData\Roaming\JetBrains\IntelliJIdea2025.2\apache-jmeter-5.6.3\lib\ext\jmeter-prometheus-plugin-0.7.1.jar with filter ExtendsClassFilter [parents=[interface org.apache.jmeter.functions.Function], inner=false, contains=null, notContains=null]. Consider exposing JMeter plugins via META-INF/services, and add JMeter-Skip-Class-Scanning=true manifest attribute so JMeter can skip classfile scanning
2025-12-22 20:42:47,027 INFO o.a.j.r.ClassFinder: Will scan jar C:\Users\hp\AppData\Roaming\JetBrains\IntelliJIdea2025.2\apache-jmeter-5.6.3\lib\ext\jmeter-prometheus-plugin-0.6.0.jar with filter ExtendsClassFilter [parents=[interface org.apache.jmeter.functions.Function], inner=false, contains=null, notContains=null]. Consider exposing JMeter plugins via META-INF/services, and add JMeter-Skip-Class-Scanning=true manifest attribute so JMeter can skip classfile scanning
2025-12-22 20:42:47,116 INFO o.a.j.g.u.JMeterMenuBar: setRunning(true, *local*)
2025-12-22 20:42:47,145 INFO o.a.j.e.StandardJMeterEngine: Starting ThreadGroup: 1 : API Users Thread Group
2025-12-22 20:42:47,145 INFO o.a.j.e.StandardJMeterEngine: Starting 10 threads for group API Users Thread Group.
2025-12-22 20:42:47,145 INFO o.a.j.e.StandardJMeterEngine: Thread will continue on error
2025-12-22 20:42:47,145 INFO o.a.j.t.ThreadGroup: Starting thread group... number=1 threads=10 ramp-up=5 delayedStart=false
2025-12-22 20:42:47,150 INFO o.a.j.t.JMeterThread: Thread started: API Users Thread Group 1-1
2025-12-22 20:42:47,155 INFO o.a.j.t.ThreadGroup: Started thread group number 1
2025-12-22 20:42:47,155 INFO o.a.j.e.StandardJMeterEngine: All thread groups have been started
2025-12-22 20:42:47,163 INFO o.a.j.p.h.s.HTTPHCAbstractImpl: Local host = ZenForge
2025-12-22 20:42:47,170 INFO o.a.j.p.h.s.HTTPHC4Impl: HTTP request retry count = 0
2025-12-22 20:42:47,292 INFO o.a.j.p.h.s.h.LazyLayeredConnectionSocketFactory: Setting up HTTPS TrustAll Socket Factory
2025-12-22 20:42:47,295 INFO o.a.j.u.JsseSSLManager: Using default SSL protocol: TLS
2025-12-22 20:42:47,295 INFO o.a.j.u.JsseSSLManager: SSL session context: per-thread
2025-12-22 20:42:47,649 INFO o.a.j.t.JMeterThread: Thread started: API Users Thread Group 1-2
2025-12-22 20:42:48,150 INFO o.a.j.t.JMeterThread: Thread started: API Users Thread Group 1-3
2025-12-22 20:42:48,648 INFO o.a.j.t.JMeterThread: Thread started: API Users Thread Group 1-4
2025-12-22 20:42:49,148 INFO o.a.j.t.JMeterThread: Thread started: API Users Thread Group 1-5
2025-12-22 20:42:49,648 INFO o.a.j.t.JMeterThread: Thread started: API Users Thread Group 1-6
2025-12-22 20:42:50,148 INFO o.a.j.t.JMeterThread: Thread started: API Users Thread Group 1-7
2025-12-22 20:42:50,652 INFO o.a.j.t.JMeterThread: Thread started: API Users Thread Group 1-8
2025-12-22 20:42:51,149 INFO o.a.j.t.JMeterThread: Thread started: API Users Thread Group 1-9
2025-12-22 20:42:51,663 INFO o.a.j.t.JMeterThread: Thread started: API Users Thread Group 1-10
2025-12-22 20:50:09,315 INFO o.a.j.t.JMeterThread: Thread is done: API Users Thread Group 1-1
2025-12-22 20:50:09,315 INFO o.a.j.t.JMeterThread: Thread finished: API Users Thread Group 1-1
2025-12-22 20:50:09,563 INFO o.a.j.t.JMeterThread: Thread is done: API Users Thread Group 1-2
2025-12-22 20:50:09,563 INFO o.a.j.t.JMeterThread: Thread finished: API Users Thread Group 1-2
2025-12-22 20:50:10,142 INFO o.a.j.t.JMeterThread: Thread is done: API Users Thread Group 1-3
2025-12-22 20:50:10,142 INFO o.a.j.t.JMeterThread: Thread finished: API Users Thread Group 1-3
2025-12-22 20:50:10,594 INFO o.a.j.t.JMeterThread: Thread is done: API Users Thread Group 1-4
2025-12-22 20:50:10,594 INFO o.a.j.t.JMeterThread: Thread finished: API Users Thread Group 1-4
2025-12-22 20:50:11,011 INFO o.a.j.t.JMeterThread: Thread is done: API Users Thread Group 1-5
2025-12-22 20:50:11,011 INFO o.a.j.t.JMeterThread: Thread finished: API Users Thread Group 1-5
2025-12-22 20:50:11,556 INFO o.a.j.t.JMeterThread: Thread is done: API Users Thread Group 1-6
2025-12-22 20:50:11,557 INFO o.a.j.t.JMeterThread: Thread finished: API Users Thread Group 1-6
2025-12-22 20:50:12,058 INFO o.a.j.t.JMeterThread: Thread is done: API Users Thread Group 1-7
2025-12-22 20:50:12,058 INFO o.a.j.t.JMeterThread: Thread finished: API Users Thread Group 1-7
2025-12-22 20:50:12,557 INFO o.a.j.t.JMeterThread: Thread is done: API Users Thread Group 1-8
2025-12-22 20:50:12,557 INFO o.a.j.t.JMeterThread: Thread finished: API Users Thread Group 1-8
2025-12-22 20:50:13,165 INFO o.a.j.t.JMeterThread: Thread is done: API Users Thread Group 1-9
2025-12-22 20:50:13,165 INFO o.a.j.t.JMeterThread: Thread finished: API Users Thread Group 1-9
2025-12-22 20:50:13,602 INFO o.a.j.t.JMeterThread: Thread is done: API Users Thread Group 1-10
2025-12-22 20:50:13,602 INFO o.a.j.t.JMeterThread: Thread finished: API Users Thread Group 1-10
2025-12-22 20:50:13,603 INFO o.a.j.e.StandardJMeterEngine: Notifying test listeners of end of test
2025-12-22 20:50:13,606 INFO o.a.j.g.u.JMeterMenuBar: setRunning(false, *local*)
